0 info it worked if it ends with ok
1 verbose cli [ '/usr/local/bin/node', '/usr/local/bin/npm', 'start' ]
2 info using npm@3.10.10
3 info using node@v6.10.1
4 verbose run-script [ 'prestart', 'start', 'poststart' ]
5 info lifecycle PharmaSuitable@1.0.0~prestart: PharmaSuitable@1.0.0
6 silly lifecycle PharmaSuitable@1.0.0~prestart: no script for prestart, continuing
7 info lifecycle PharmaSuitable@1.0.0~start: PharmaSuitable@1.0.0
8 verbose lifecycle PharmaSuitable@1.0.0~start: unsafe-perm in lifecycle true
9 verbose lifecycle PharmaSuitable@1.0.0~start: PATH: /usr/local/lib/node_modules/npm/bin/node-gyp-bin:/Users/Jesse/PycharmProjects/PharmaSuitable/www/node_modules/.bin:/Users/Jesse/miniconda3/bin:/Users/Jesse/.rvm/gems/ruby-2.2.3/bin:/Users/Jesse/.rvm/gems/ruby-2.2.3@global/bin:/Users/Jesse/.rvm/rubies/ruby-2.2.3/bin:“/usr/local/share/scala-2.11.7/bin:/Library/Frameworks/Python.framework/Versions/3.4/bin:/usr/local/bin:/usr/bin:/bin:/usr/sbin:/sbin:/usr/local/MacGPG2/bin”:/Users/Jesse/.rvm/bin
10 verbose lifecycle PharmaSuitable@1.0.0~start: CWD: /Users/Jesse/PycharmProjects/PharmaSuitable/www
11 silly lifecycle PharmaSuitable@1.0.0~start: Args: [ '-c', 'webpack-dev-server --hot' ]
12 silly lifecycle PharmaSuitable@1.0.0~start: Returned: code: 1  signal: null
13 info lifecycle PharmaSuitable@1.0.0~start: Failed to exec start script
14 verbose stack Error: PharmaSuitable@1.0.0 start: `webpack-dev-server --hot`
14 verbose stack Exit status 1
14 verbose stack     at EventEmitter.<anonymous> (/usr/local/lib/node_modules/npm/lib/utils/lifecycle.js:255:16)
14 verbose stack     at emitTwo (events.js:106:13)
14 verbose stack     at EventEmitter.emit (events.js:191:7)
14 verbose stack     at ChildProcess.<anonymous> (/usr/local/lib/node_modules/npm/lib/utils/spawn.js:40:14)
14 verbose stack     at emitTwo (events.js:106:13)
14 verbose stack     at ChildProcess.emit (events.js:191:7)
14 verbose stack     at maybeClose (internal/child_process.js:886:16)
14 verbose stack     at Process.ChildProcess._handle.onexit (internal/child_process.js:226:5)
15 verbose pkgid PharmaSuitable@1.0.0
16 verbose cwd /Users/Jesse/PycharmProjects/PharmaSuitable/www
17 error Darwin 16.7.0
18 error argv "/usr/local/bin/node" "/usr/local/bin/npm" "start"
19 error node v6.10.1
20 error npm  v3.10.10
21 error code ELIFECYCLE
22 error PharmaSuitable@1.0.0 start: `webpack-dev-server --hot`
22 error Exit status 1
23 error Failed at the PharmaSuitable@1.0.0 start script 'webpack-dev-server --hot'.
23 error Make sure you have the latest version of node.js and npm installed.
23 error If you do, this is most likely a problem with the PharmaSuitable package,
23 error not with npm itself.
23 error Tell the author that this fails on your system:
23 error     webpack-dev-server --hot
23 error You can get information on how to open an issue for this project with:
23 error     npm bugs PharmaSuitable
23 error Or if that isn't available, you can get their info via:
23 error     npm owner ls PharmaSuitable
23 error There is likely additional logging output above.
24 verbose exit [ 1, true ]
